{"C:\\Users\\Admin\\Documents\\GitHub\\seng350f19-project-3-4\\GradeAchiever\\src\\DbClient.ts": {"path":"C:\\Users\\Admin\\Documents\\GitHub\\seng350f19-project-3-4\\GradeAchiever\\src\\DbClient.ts","statementMap":{"0":{"start":{"line":1,"column":0},"end":{"line":1,"column":42}},"1":{"start":{"line":3,"column":0},"end":{"line":3,"column":null}},"2":{"start":{"line":6,"column":17},"end":{"line":14,"column":null}},"3":{"start":{"line":8,"column":27},"end":{"line":8,"column":null}},"4":{"start":{"line":8,"column":18},"end":{"line":8,"column":null}},"5":{"start":{"line":9,"column":12},"end":{"line":9,"column":41}},"6":{"start":{"line":10,"column":12},"end":{"line":10,"column":27}},"7":{"start":{"line":12,"column":12},"end":{"line":12,"column":51}},"8":{"start":{"line":15,"column":0},"end":{"line":15,"column":null}},"9":{"start":{"line":17,"column":0},"end":{"line":17,"column":24}}},"fnMap":{"0":{"name":"(anonymous_13)","decl":{"start":{"line":3,"column":0},"end":{"line":3,"column":null}},"loc":{"start":{"line":3,"column":0},"end":{"line":15,"column":null}}},"1":{"name":"(anonymous_15)","decl":{"start":{"line":6,"column":4},"end":{"line":6,"column":17}},"loc":{"start":{"line":6,"column":4},"end":{"line":14,"column":null}}}},"branchMap":{},"s":{"0":6,"1":6,"2":6,"3":0,"4":0,"5":0,"6":0,"7":0,"8":6,"9":6},"f":{"0":12,"1":0},"b":{}}
,"C:\\Users\\Admin\\Documents\\GitHub\\seng350f19-project-3-4\\GradeAchiever\\src\\controllers\\AdminController.ts": {"path":"C:\\Users\\Admin\\Documents\\GitHub\\seng350f19-project-3-4\\GradeAchiever\\src\\controllers\\AdminController.ts","statementMap":{"0":{"start":{"line":3,"column":0},"end":{"line":3,"column":48}},"1":{"start":{"line":7,"column":0},"end":{"line":7,"column":13}},"2":{"start":{"line":12,"column":17},"end":{"line":17,"column":null}},"3":{"start":{"line":14,"column":14},"end":{"line":14,"column":35}},"4":{"start":{"line":15,"column":15},"end":{"line":15,"column":38}},"5":{"start":{"line":15,"column":8},"end":{"line":15,"column":38}},"6":{"start":{"line":18,"column":0},"end":{"line":18,"column":null}},"7":{"start":{"line":7,"column":13},"end":{"line":7,"column":28}}},"fnMap":{"0":{"name":"(anonymous_13)","decl":{"start":{"line":7,"column":0},"end":{"line":7,"column":13}},"loc":{"start":{"line":7,"column":0},"end":{"line":18,"column":null}}},"1":{"name":"AdminController","decl":{"start":{"line":8,"column":4},"end":{"line":8,"column":null}},"loc":{"start":{"line":8,"column":4},"end":{"line":10,"column":5}}},"2":{"name":"(anonymous_15)","decl":{"start":{"line":12,"column":4},"end":{"line":12,"column":17}},"loc":{"start":{"line":12,"column":87},"end":{"line":17,"column":null}}}},"branchMap":{"0":{"loc":{"start":{"line":15,"column":8},"end":{"line":15,"column":38}},"type":"switch","locations":[{"start":{"line":15,"column":8},"end":{"line":15,"column":38}}]}},"s":{"0":2,"1":2,"2":2,"3":1,"4":1,"5":1,"6":2,"7":2},"f":{"0":2,"1":1,"2":1},"b":{"0":[1]}}
,"C:\\Users\\Admin\\Documents\\GitHub\\seng350f19-project-3-4\\GradeAchiever\\src\\controllers\\OverviewController.ts": {"path":"C:\\Users\\Admin\\Documents\\GitHub\\seng350f19-project-3-4\\GradeAchiever\\src\\controllers\\OverviewController.ts","statementMap":{"0":{"start":{"line":3,"column":0},"end":{"line":3,"column":50}},"1":{"start":{"line":4,"column":0},"end":{"line":4,"column":62}},"2":{"start":{"line":5,"column":0},"end":{"line":5,"column":46}},"3":{"start":{"line":7,"column":0},"end":{"line":7,"column":13}},"4":{"start":{"line":12,"column":17},"end":{"line":47,"column":null}},"5":{"start":{"line":14,"column":14},"end":{"line":14,"column":37}},"6":{"start":{"line":16,"column":28},"end":{"line":16,"column":null}},"7":{"start":{"line":16,"column":14},"end":{"line":16,"column":null}},"8":{"start":{"line":18,"column":14},"end":{"line":18,"column":37}},"9":{"start":{"line":19,"column":14},"end":{"line":19,"column":43}},"10":{"start":{"line":21,"column":14},"end":{"line":21,"column":33}},"11":{"start":{"line":22,"column":14},"end":{"line":22,"column":27}},"12":{"start":{"line":25,"column":8},"end":{"line":25,"column":41}},"13":{"start":{"line":27,"column":48},"end":{"line":27,"column":null}},"14":{"start":{"line":27,"column":29},"end":{"line":27,"column":null}},"15":{"start":{"line":27,"column":19},"end":{"line":27,"column":29}},"16":{"start":{"line":29,"column":34},"end":{"line":29,"column":null}},"17":{"start":{"line":29,"column":18},"end":{"line":29,"column":null}},"18":{"start":{"line":31,"column":66},"end":{"line":31,"column":null}},"19":{"start":{"line":31,"column":39},"end":{"line":31,"column":null}},"20":{"start":{"line":31,"column":23},"end":{"line":31,"column":39}},"21":{"start":{"line":33,"column":23},"end":{"line":33,"column":69}},"22":{"start":{"line":33,"column":16},"end":{"line":33,"column":69}},"23":{"start":{"line":34,"column":16},"end":{"line":34,"column":59}},"24":{"start":{"line":35,"column":16},"end":{"line":35,"column":41}},"25":{"start":{"line":37,"column":12},"end":{"line":37,"column":40}},"26":{"start":{"line":40,"column":8},"end":{"line":40,"column":97}},"27":{"start":{"line":40,"column":37},"end":{"line":40,"column":96}},"28":{"start":{"line":41,"column":14},"end":{"line":41,"column":26}},"29":{"start":{"line":42,"column":8},"end":{"line":42,"column":33}},"30":{"start":{"line":43,"column":8},"end":{"line":43,"column":29}},"31":{"start":{"line":44,"column":8},"end":{"line":44,"column":35}},"32":{"start":{"line":45,"column":8},"end":{"line":45,"column":22}},"33":{"start":{"line":48,"column":0},"end":{"line":48,"column":null}},"34":{"start":{"line":7,"column":13},"end":{"line":7,"column":31}}},"fnMap":{"0":{"name":"(anonymous_13)","decl":{"start":{"line":7,"column":0},"end":{"line":7,"column":13}},"loc":{"start":{"line":7,"column":0},"end":{"line":48,"column":null}}},"1":{"name":"OverviewController","decl":{"start":{"line":8,"column":4},"end":{"line":8,"column":null}},"loc":{"start":{"line":8,"column":4},"end":{"line":10,"column":5}}},"2":{"name":"(anonymous_15)","decl":{"start":{"line":12,"column":4},"end":{"line":12,"column":17}},"loc":{"start":{"line":12,"column":39},"end":{"line":47,"column":null}}},"3":{"name":"(anonymous_18)","decl":{"start":{"line":40,"column":27},"end":{"line":40,"column":28}},"loc":{"start":{"line":40,"column":32},"end":{"line":40,"column":38}}}},"branchMap":{"0":{"loc":{"start":{"line":27,"column":29},"end":{"line":27,"column":null}},"type":"if","locations":[{"start":{"line":27,"column":29},"end":{"line":27,"column":null}},{"start":{"line":27,"column":29},"end":{"line":27,"column":null}}]},"1":{"loc":{"start":{"line":31,"column":39},"end":{"line":31,"column":null}},"type":"if","locations":[{"start":{"line":31,"column":39},"end":{"line":31,"column":null}},{"start":{"line":31,"column":39},"end":{"line":31,"column":null}}]},"2":{"loc":{"start":{"line":40,"column":61},"end":{"line":40,"column":63}},"type":"cond-expr","locations":[{"start":{"line":40,"column":61},"end":{"line":40,"column":63}},{"start":{"line":40,"column":66},"end":{"line":40,"column":95}}]},"3":{"loc":{"start":{"line":40,"column":90},"end":{"line":40,"column":91}},"type":"cond-expr","locations":[{"start":{"line":40,"column":90},"end":{"line":40,"column":91}},{"start":{"line":40,"column":94},"end":{"line":40,"column":95}}]}},"s":{"0":2,"1":2,"2":2,"3":2,"4":2,"5":1,"6":1,"7":1,"8":1,"9":1,"10":1,"11":1,"12":1,"13":2,"14":1,"15":0,"16":0,"17":0,"18":0,"19":0,"20":0,"21":0,"22":0,"23":0,"24":0,"25":0,"26":1,"27":0,"28":1,"29":1,"30":1,"31":1,"32":1,"33":2,"34":2},"f":{"0":2,"1":1,"2":1,"3":0},"b":{"0":[1,0],"1":[0,0],"2":[0,0],"3":[0,0]}}
,"C:\\Users\\Admin\\Documents\\GitHub\\seng350f19-project-3-4\\GradeAchiever\\src\\controllers\\SessionController.ts": {"path":"C:\\Users\\Admin\\Documents\\GitHub\\seng350f19-project-3-4\\GradeAchiever\\src\\controllers\\SessionController.ts","statementMap":{"0":{"start":{"line":2,"column":0},"end":{"line":2,"column":48}},"1":{"start":{"line":4,"column":0},"end":{"line":4,"column":13}},"2":{"start":{"line":8,"column":17},"end":{"line":12,"column":null}},"3":{"start":{"line":9,"column":14},"end":{"line":9,"column":35}},"4":{"start":{"line":10,"column":23},"end":{"line":10,"column":null}},"5":{"start":{"line":10,"column":14},"end":{"line":10,"column":null}},"6":{"start":{"line":11,"column":8},"end":{"line":11,"column":22}},"7":{"start":{"line":14,"column":17},"end":{"line":16,"column":null}},"8":{"start":{"line":15,"column":8},"end":{"line":15,"column":20}},"9":{"start":{"line":17,"column":0},"end":{"line":17,"column":null}},"10":{"start":{"line":4,"column":13},"end":{"line":4,"column":30}}},"fnMap":{"0":{"name":"(anonymous_13)","decl":{"start":{"line":4,"column":0},"end":{"line":4,"column":13}},"loc":{"start":{"line":4,"column":0},"end":{"line":17,"column":null}}},"1":{"name":"SessionController","decl":{"start":{"line":5,"column":4},"end":{"line":5,"column":null}},"loc":{"start":{"line":5,"column":4},"end":{"line":7,"column":5}}},"2":{"name":"(anonymous_15)","decl":{"start":{"line":8,"column":4},"end":{"line":8,"column":17}},"loc":{"start":{"line":8,"column":77},"end":{"line":12,"column":null}}},"3":{"name":"(anonymous_18)","decl":{"start":{"line":14,"column":4},"end":{"line":14,"column":17}},"loc":{"start":{"line":14,"column":87},"end":{"line":16,"column":null}}}},"branchMap":{},"s":{"0":4,"1":4,"2":4,"3":1,"4":1,"5":1,"6":1,"7":4,"8":1,"9":4,"10":4},"f":{"0":4,"1":2,"2":1,"3":1},"b":{}}
,"C:\\Users\\Admin\\Documents\\GitHub\\seng350f19-project-3-4\\GradeAchiever\\src\\models\\AdminModel.ts": {"path":"C:\\Users\\Admin\\Documents\\GitHub\\seng350f19-project-3-4\\GradeAchiever\\src\\models\\AdminModel.ts","statementMap":{"0":{"start":{"line":2,"column":0},"end":{"line":2,"column":41}},"1":{"start":{"line":3,"column":0},"end":{"line":3,"column":38}},"2":{"start":{"line":5,"column":0},"end":{"line":5,"column":null}},"3":{"start":{"line":5,"column":32},"end":{"line":5,"column":41}},"4":{"start":{"line":8,"column":8},"end":{"line":8,"column":null}},"5":{"start":{"line":9,"column":24},"end":{"line":9,"column":28}},"6":{"start":{"line":10,"column":8},"end":{"line":10,"column":31}},"7":{"start":{"line":13,"column":17},"end":{"line":28,"column":null}},"8":{"start":{"line":14,"column":12},"end":{"line":14,"column":16}},"9":{"start":{"line":15,"column":12},"end":{"line":15,"column":68}},"10":{"start":{"line":16,"column":19},"end":{"line":24,"column":15}},"11":{"start":{"line":20,"column":16},"end":{"line":20,"column":111}},"12":{"start":{"line":23,"column":16},"end":{"line":23,"column":41}},"13":{"start":{"line":16,"column":12},"end":{"line":24,"column":15}},"14":{"start":{"line":26,"column":12},"end":{"line":26,"column":57}},"15":{"start":{"line":29,"column":17},"end":{"line":32,"column":null}},"16":{"start":{"line":31,"column":15},"end":{"line":31,"column":69}},"17":{"start":{"line":31,"column":8},"end":{"line":31,"column":69}},"18":{"start":{"line":34,"column":0},"end":{"line":34,"column":null}},"19":{"start":{"line":5,"column":13},"end":{"line":5,"column":23}}},"fnMap":{"0":{"name":"(anonymous_19)","decl":{"start":{"line":5,"column":0},"end":{"line":5,"column":13}},"loc":{"start":{"line":5,"column":0},"end":{"line":34,"column":null}}},"1":{"name":"AdminModel","decl":{"start":{"line":7,"column":4},"end":{"line":7,"column":null}},"loc":{"start":{"line":7,"column":4},"end":{"line":11,"column":5}}},"2":{"name":"(anonymous_21)","decl":{"start":{"line":13,"column":4},"end":{"line":13,"column":17}},"loc":{"start":{"line":13,"column":42},"end":{"line":28,"column":null}}},"3":{"name":"(anonymous_24)","decl":{"start":{"line":17,"column":18},"end":{"line":17,"column":19}},"loc":{"start":{"line":17,"column":21},"end":{"line":21,"column":13}}},"4":{"name":"(anonymous_25)","decl":{"start":{"line":22,"column":19},"end":{"line":22,"column":20}},"loc":{"start":{"line":22,"column":23},"end":{"line":24,"column":13}}},"5":{"name":"(anonymous_26)","decl":{"start":{"line":29,"column":4},"end":{"line":29,"column":17}},"loc":{"start":{"line":29,"column":4},"end":{"line":32,"column":null}}}},"branchMap":{"0":{"loc":{"start":{"line":8,"column":8},"end":{"line":8,"column":21}},"type":"binary-expr","locations":[{"start":{"line":8,"column":8},"end":{"line":8,"column":21}},{"start":{"line":8,"column":21},"end":{"line":8,"column":null}}]},"1":{"loc":{"start":{"line":16,"column":12},"end":{"line":24,"column":15}},"type":"switch","locations":[{"start":{"line":16,"column":12},"end":{"line":24,"column":15}},{"start":{"line":26,"column":12},"end":{"line":26,"column":57}}]},"2":{"loc":{"start":{"line":14,"column":12},"end":{"line":14,"column":16}},"type":"if","locations":[{"start":{"line":14,"column":12},"end":{"line":14,"column":16}},{"start":{"line":14,"column":12},"end":{"line":14,"column":16}}]},"3":{"loc":{"start":{"line":31,"column":15},"end":{"line":31,"column":69}},"type":"switch","locations":[{"start":{"line":31,"column":15},"end":{"line":31,"column":69}}]}},"s":{"0":3,"1":3,"2":3,"3":3,"4":0,"5":0,"6":0,"7":3,"8":0,"9":0,"10":0,"11":0,"12":0,"13":0,"14":0,"15":3,"16":0,"17":0,"18":3,"19":3},"f":{"0":3,"1":0,"2":0,"3":0,"4":0,"5":0},"b":{"0":[0,0],"1":[0,0],"2":[0,0],"3":[0]}}
,"C:\\Users\\Admin\\Documents\\GitHub\\seng350f19-project-3-4\\GradeAchiever\\src\\models\\BaseModel.ts": {"path":"C:\\Users\\Admin\\Documents\\GitHub\\seng350f19-project-3-4\\GradeAchiever\\src\\models\\BaseModel.ts","statementMap":{"0":{"start":{"line":2,"column":0},"end":{"line":2,"column":41}},"1":{"start":{"line":4,"column":0},"end":{"line":4,"column":13}},"2":{"start":{"line":7,"column":8},"end":{"line":7,"column":35}},"3":{"start":{"line":10,"column":17},"end":{"line":18,"column":null}},"4":{"start":{"line":10,"column":24},"end":{"line":10,"column":43}},"5":{"start":{"line":10,"column":43},"end":{"line":10,"column":64}},"6":{"start":{"line":10,"column":64},"end":{"line":10,"column":null}},"7":{"start":{"line":11,"column":15},"end":{"line":17,"column":11}},"8":{"start":{"line":13,"column":12},"end":{"line":13,"column":100}},"9":{"start":{"line":16,"column":12},"end":{"line":16,"column":37}},"10":{"start":{"line":11,"column":8},"end":{"line":17,"column":11}},"11":{"start":{"line":19,"column":17},"end":{"line":27,"column":null}},"12":{"start":{"line":20,"column":15},"end":{"line":26,"column":11}},"13":{"start":{"line":22,"column":12},"end":{"line":22,"column":65}},"14":{"start":{"line":25,"column":12},"end":{"line":25,"column":39}},"15":{"start":{"line":20,"column":8},"end":{"line":26,"column":11}},"16":{"start":{"line":29,"column":0},"end":{"line":29,"column":null}},"17":{"start":{"line":4,"column":13},"end":{"line":4,"column":22}}},"fnMap":{"0":{"name":"(anonymous_13)","decl":{"start":{"line":4,"column":0},"end":{"line":4,"column":13}},"loc":{"start":{"line":4,"column":0},"end":{"line":29,"column":null}}},"1":{"name":"BaseModel","decl":{"start":{"line":6,"column":4},"end":{"line":6,"column":16}},"loc":{"start":{"line":6,"column":33},"end":{"line":8,"column":5}}},"2":{"name":"(anonymous_15)","decl":{"start":{"line":10,"column":4},"end":{"line":10,"column":17}},"loc":{"start":{"line":10,"column":80},"end":{"line":18,"column":null}}},"3":{"name":"(anonymous_18)","decl":{"start":{"line":12,"column":14},"end":{"line":12,"column":15}},"loc":{"start":{"line":12,"column":17},"end":{"line":14,"column":9}}},"4":{"name":"(anonymous_19)","decl":{"start":{"line":15,"column":15},"end":{"line":15,"column":16}},"loc":{"start":{"line":15,"column":19},"end":{"line":17,"column":9}}},"5":{"name":"(anonymous_20)","decl":{"start":{"line":19,"column":4},"end":{"line":19,"column":17}},"loc":{"start":{"line":19,"column":37},"end":{"line":27,"column":null}}},"6":{"name":"(anonymous_23)","decl":{"start":{"line":21,"column":14},"end":{"line":21,"column":15}},"loc":{"start":{"line":21,"column":17},"end":{"line":23,"column":9}}},"7":{"name":"(anonymous_24)","decl":{"start":{"line":24,"column":15},"end":{"line":24,"column":16}},"loc":{"start":{"line":24,"column":19},"end":{"line":26,"column":9}}}},"branchMap":{"0":{"loc":{"start":{"line":10,"column":24},"end":{"line":10,"column":43}},"type":"if","locations":[{"start":{"line":10,"column":24},"end":{"line":10,"column":43}},{"start":{"line":10,"column":24},"end":{"line":10,"column":43}}]},"1":{"loc":{"start":{"line":10,"column":43},"end":{"line":10,"column":64}},"type":"if","locations":[{"start":{"line":10,"column":43},"end":{"line":10,"column":64}},{"start":{"line":10,"column":43},"end":{"line":10,"column":64}}]},"2":{"loc":{"start":{"line":10,"column":64},"end":{"line":10,"column":null}},"type":"if","locations":[{"start":{"line":10,"column":64},"end":{"line":10,"column":null}},{"start":{"line":10,"column":64},"end":{"line":10,"column":null}}]},"3":{"loc":{"start":{"line":11,"column":15},"end":{"line":17,"column":11}},"type":"switch","locations":[{"start":{"line":11,"column":15},"end":{"line":17,"column":11}},{"start":{"line":11,"column":8},"end":{"line":17,"column":11}}]},"4":{"loc":{"start":{"line":20,"column":15},"end":{"line":26,"column":11}},"type":"switch","locations":[{"start":{"line":20,"column":15},"end":{"line":26,"column":11}},{"start":{"line":20,"column":8},"end":{"line":26,"column":11}}]}},"s":{"0":6,"1":6,"2":4,"3":6,"4":0,"5":0,"6":0,"7":0,"8":0,"9":0,"10":0,"11":6,"12":0,"13":0,"14":0,"15":0,"16":6,"17":6},"f":{"0":6,"1":4,"2":0,"3":0,"4":0,"5":0,"6":0,"7":0},"b":{"0":[0,0],"1":[0,0],"2":[0,0],"3":[0,0],"4":[0,0]}}
,"C:\\Users\\Admin\\Documents\\GitHub\\seng350f19-project-3-4\\GradeAchiever\\src\\models\\CourseModel.ts": {"path":"C:\\Users\\Admin\\Documents\\GitHub\\seng350f19-project-3-4\\GradeAchiever\\src\\models\\CourseModel.ts","statementMap":{"0":{"start":{"line":3,"column":0},"end":{"line":3,"column":40}},"1":{"start":{"line":5,"column":0},"end":{"line":5,"column":null}},"2":{"start":{"line":5,"column":33},"end":{"line":5,"column":42}},"3":{"start":{"line":18,"column":8},"end":{"line":18,"column":null}},"4":{"start":{"line":20,"column":17},"end":{"line":24,"column":null}},"5":{"start":{"line":22,"column":15},"end":{"line":22,"column":55}},"6":{"start":{"line":22,"column":8},"end":{"line":22,"column":55}},"7":{"start":{"line":26,"column":0},"end":{"line":26,"column":null}},"8":{"start":{"line":5,"column":13},"end":{"line":5,"column":24}}},"fnMap":{"0":{"name":"(anonymous_19)","decl":{"start":{"line":5,"column":0},"end":{"line":5,"column":13}},"loc":{"start":{"line":5,"column":0},"end":{"line":26,"column":null}}},"1":{"name":"CourseModel","decl":{"start":{"line":17,"column":4},"end":{"line":17,"column":null}},"loc":{"start":{"line":17,"column":4},"end":{"line":19,"column":5}}},"2":{"name":"(anonymous_21)","decl":{"start":{"line":20,"column":4},"end":{"line":20,"column":17}},"loc":{"start":{"line":20,"column":50},"end":{"line":24,"column":null}}}},"branchMap":{"0":{"loc":{"start":{"line":18,"column":8},"end":{"line":18,"column":23}},"type":"binary-expr","locations":[{"start":{"line":18,"column":8},"end":{"line":18,"column":23}},{"start":{"line":18,"column":23},"end":{"line":18,"column":null}}]},"1":{"loc":{"start":{"line":22,"column":15},"end":{"line":22,"column":55}},"type":"switch","locations":[{"start":{"line":22,"column":15},"end":{"line":22,"column":55}}]}},"s":{"0":2,"1":2,"2":2,"3":1,"4":2,"5":0,"6":0,"7":2,"8":2},"f":{"0":2,"1":1,"2":0},"b":{"0":[1,1],"1":[0]}}
,"C:\\Users\\Admin\\Documents\\GitHub\\seng350f19-project-3-4\\GradeAchiever\\src\\models\\GradableItemModel.ts": {"path":"C:\\Users\\Admin\\Documents\\GitHub\\seng350f19-project-3-4\\GradeAchiever\\src\\models\\GradableItemModel.ts","statementMap":{"0":{"start":{"line":2,"column":0},"end":{"line":2,"column":40}},"1":{"start":{"line":3,"column":0},"end":{"line":3,"column":null}},"2":{"start":{"line":3,"column":39},"end":{"line":3,"column":48}},"3":{"start":{"line":15,"column":8},"end":{"line":15,"column":null}},"4":{"start":{"line":17,"column":17},"end":{"line":20,"column":null}},"5":{"start":{"line":19,"column":15},"end":{"line":19,"column":67}},"6":{"start":{"line":19,"column":8},"end":{"line":19,"column":67}},"7":{"start":{"line":22,"column":0},"end":{"line":22,"column":null}},"8":{"start":{"line":3,"column":13},"end":{"line":3,"column":30}}},"fnMap":{"0":{"name":"(anonymous_19)","decl":{"start":{"line":3,"column":0},"end":{"line":3,"column":13}},"loc":{"start":{"line":3,"column":0},"end":{"line":22,"column":null}}},"1":{"name":"GradableItemModel","decl":{"start":{"line":14,"column":4},"end":{"line":14,"column":null}},"loc":{"start":{"line":14,"column":4},"end":{"line":16,"column":5}}},"2":{"name":"(anonymous_21)","decl":{"start":{"line":17,"column":4},"end":{"line":17,"column":17}},"loc":{"start":{"line":17,"column":62},"end":{"line":20,"column":null}}}},"branchMap":{"0":{"loc":{"start":{"line":15,"column":8},"end":{"line":15,"column":29}},"type":"binary-expr","locations":[{"start":{"line":15,"column":8},"end":{"line":15,"column":29}},{"start":{"line":15,"column":29},"end":{"line":15,"column":null}}]},"1":{"loc":{"start":{"line":19,"column":15},"end":{"line":19,"column":67}},"type":"switch","locations":[{"start":{"line":19,"column":15},"end":{"line":19,"column":67}}]}},"s":{"0":2,"1":2,"2":2,"3":1,"4":2,"5":0,"6":0,"7":2,"8":2},"f":{"0":2,"1":1,"2":0},"b":{"0":[1,1],"1":[0]}}
,"C:\\Users\\Admin\\Documents\\GitHub\\seng350f19-project-3-4\\GradeAchiever\\src\\models\\UserModel.ts": {"path":"C:\\Users\\Admin\\Documents\\GitHub\\seng350f19-project-3-4\\GradeAchiever\\src\\models\\UserModel.ts","statementMap":{"0":{"start":{"line":3,"column":0},"end":{"line":3,"column":40}},"1":{"start":{"line":5,"column":0},"end":{"line":5,"column":null}},"2":{"start":{"line":5,"column":31},"end":{"line":5,"column":40}},"3":{"start":{"line":18,"column":8},"end":{"line":18,"column":null}},"4":{"start":{"line":21,"column":8},"end":{"line":21,"column":29}},"5":{"start":{"line":23,"column":17},"end":{"line":30,"column":null}},"6":{"start":{"line":24,"column":8},"end":{"line":24,"column":60}},"7":{"start":{"line":25,"column":15},"end":{"line":29,"column":11}},"8":{"start":{"line":27,"column":12},"end":{"line":27,"column":58}},"9":{"start":{"line":28,"column":12},"end":{"line":28,"column":22}},"10":{"start":{"line":25,"column":8},"end":{"line":29,"column":11}},"11":{"start":{"line":32,"column":0},"end":{"line":32,"column":null}},"12":{"start":{"line":5,"column":13},"end":{"line":5,"column":22}}},"fnMap":{"0":{"name":"(anonymous_19)","decl":{"start":{"line":5,"column":0},"end":{"line":5,"column":13}},"loc":{"start":{"line":5,"column":0},"end":{"line":32,"column":null}}},"1":{"name":"UserModel","decl":{"start":{"line":16,"column":4},"end":{"line":16,"column":16}},"loc":{"start":{"line":16,"column":30},"end":{"line":22,"column":5}}},"2":{"name":"(anonymous_21)","decl":{"start":{"line":23,"column":4},"end":{"line":23,"column":17}},"loc":{"start":{"line":23,"column":42},"end":{"line":30,"column":null}}},"3":{"name":"(anonymous_24)","decl":{"start":{"line":26,"column":15},"end":{"line":26,"column":16}},"loc":{"start":{"line":26,"column":21},"end":{"line":29,"column":9}}}},"branchMap":{"0":{"loc":{"start":{"line":18,"column":8},"end":{"line":18,"column":21}},"type":"binary-expr","locations":[{"start":{"line":18,"column":8},"end":{"line":18,"column":21}},{"start":{"line":18,"column":21},"end":{"line":18,"column":null}}]},"1":{"loc":{"start":{"line":25,"column":8},"end":{"line":29,"column":11}},"type":"switch","locations":[{"start":{"line":25,"column":8},"end":{"line":29,"column":11}}]}},"s":{"0":1,"1":1,"2":1,"3":0,"4":0,"5":1,"6":0,"7":0,"8":0,"9":0,"10":0,"11":1,"12":1},"f":{"0":1,"1":0,"2":0,"3":0},"b":{"0":[0,0],"1":[0]}}
,"C:\\Users\\Admin\\Documents\\GitHub\\seng350f19-project-3-4\\GradeAchiever\\src\\routes\\AdminRoute.ts": {"path":"C:\\Users\\Admin\\Documents\\GitHub\\seng350f19-project-3-4\\GradeAchiever\\src\\routes\\AdminRoute.ts","statementMap":{"0":{"start":{"line":3,"column":0},"end":{"line":3,"column":63}},"1":{"start":{"line":4,"column":0},"end":{"line":4,"column":67}},"2":{"start":{"line":5,"column":0},"end":{"line":5,"column":36}},"3":{"start":{"line":7,"column":0},"end":{"line":7,"column":null}},"4":{"start":{"line":7,"column":32},"end":{"line":7,"column":41}},"5":{"start":{"line":8,"column":18},"end":{"line":31,"column":null}},"6":{"start":{"line":9,"column":8},"end":{"line":9,"column":71}},"7":{"start":{"line":10,"column":8},"end":{"line":15,"column":11}},"8":{"start":{"line":11,"column":12},"end":{"line":11,"column":51}},"9":{"start":{"line":12,"column":12},"end":{"line":12,"column":34}},"10":{"start":{"line":13,"column":12},"end":{"line":13,"column":52}},"11":{"start":{"line":14,"column":12},"end":{"line":14,"column":66}},"12":{"start":{"line":17,"column":8},"end":{"line":21,"column":11}},"13":{"start":{"line":18,"column":12},"end":{"line":18,"column":56}},"14":{"start":{"line":19,"column":12},"end":{"line":19,"column":34}},"15":{"start":{"line":20,"column":12},"end":{"line":20,"column":86}},"16":{"start":{"line":32,"column":17},"end":{"line":57,"column":null}},"17":{"start":{"line":33,"column":8},"end":{"line":33,"column":50}},"18":{"start":{"line":34,"column":8},"end":{"line":34,"column":54}},"19":{"start":{"line":35,"column":14},"end":{"line":35,"column":48}},"20":{"start":{"line":36,"column":8},"end":{"line":36,"column":29}},"21":{"start":{"line":37,"column":8},"end":{"line":55,"column":11}},"22":{"start":{"line":39,"column":12},"end":{"line":39,"column":30}},"23":{"start":{"line":40,"column":12},"end":{"line":40,"column":39}},"24":{"start":{"line":42,"column":36},"end":{"line":45,"column":14}},"25":{"start":{"line":46,"column":12},"end":{"line":46,"column":33}},"26":{"start":{"line":47,"column":12},"end":{"line":47,"column":27}},"27":{"start":{"line":50,"column":12},"end":{"line":50,"column":37}},"28":{"start":{"line":54,"column":12},"end":{"line":54,"column":52}},"29":{"start":{"line":59,"column":17},"end":{"line":70,"column":null}},"30":{"start":{"line":60,"column":8},"end":{"line":60,"column":65}},"31":{"start":{"line":61,"column":14},"end":{"line":61,"column":51}},"32":{"start":{"line":62,"column":8},"end":{"line":62,"column":34}},"33":{"start":{"line":63,"column":8},"end":{"line":68,"column":11}},"34":{"start":{"line":65,"column":12},"end":{"line":65,"column":29}},"35":{"start":{"line":67,"column":12},"end":{"line":67,"column":47}},"36":{"start":{"line":72,"column":0},"end":{"line":72,"column":null}},"37":{"start":{"line":7,"column":13},"end":{"line":7,"column":23}}},"fnMap":{"0":{"name":"(anonymous_19)","decl":{"start":{"line":7,"column":0},"end":{"line":7,"column":13}},"loc":{"start":{"line":7,"column":0},"end":{"line":72,"column":null}}},"1":{"name":"(anonymous_21)","decl":{"start":{"line":8,"column":4},"end":{"line":8,"column":18}},"loc":{"start":{"line":8,"column":39},"end":{"line":31,"column":5}}},"2":{"name":"(anonymous_22)","decl":{"start":{"line":10,"column":30},"end":{"line":10,"column":31}},"loc":{"start":{"line":10,"column":78},"end":{"line":15,"column":9}}},"3":{"name":"(anonymous_23)","decl":{"start":{"line":17,"column":35},"end":{"line":17,"column":36}},"loc":{"start":{"line":17,"column":83},"end":{"line":21,"column":9}}},"4":{"name":"(anonymous_24)","decl":{"start":{"line":32,"column":4},"end":{"line":32,"column":17}},"loc":{"start":{"line":32,"column":82},"end":{"line":57,"column":null}}},"5":{"name":"(anonymous_27)","decl":{"start":{"line":38,"column":14},"end":{"line":38,"column":15}},"loc":{"start":{"line":38,"column":19},"end":{"line":48,"column":9}}},"6":{"name":"(anonymous_28)","decl":{"start":{"line":49,"column":15},"end":{"line":49,"column":16}},"loc":{"start":{"line":49,"column":19},"end":{"line":51,"column":9}}},"7":{"name":"(anonymous_29)","decl":{"start":{"line":52,"column":14},"end":{"line":52,"column":15}},"loc":{"start":{"line":52,"column":27},"end":{"line":55,"column":9}}},"8":{"name":"(anonymous_30)","decl":{"start":{"line":59,"column":4},"end":{"line":59,"column":17}},"loc":{"start":{"line":59,"column":103},"end":{"line":70,"column":null}}},"9":{"name":"(anonymous_33)","decl":{"start":{"line":64,"column":14},"end":{"line":64,"column":null}},"loc":{"start":{"line":64,"column":14},"end":{"line":68,"column":9}}}},"branchMap":{},"s":{"0":1,"1":1,"2":1,"3":1,"4":1,"5":1,"6":0,"7":0,"8":0,"9":0,"10":0,"11":0,"12":0,"13":0,"14":0,"15":0,"16":1,"17":0,"18":0,"19":0,"20":0,"21":0,"22":0,"23":0,"24":0,"25":0,"26":0,"27":0,"28":0,"29":1,"30":0,"31":0,"32":0,"33":0,"34":0,"35":0,"36":1,"37":1},"f":{"0":2,"1":0,"2":0,"3":0,"4":0,"5":0,"6":0,"7":0,"8":0,"9":0},"b":{}}
,"C:\\Users\\Admin\\Documents\\GitHub\\seng350f19-project-3-4\\GradeAchiever\\src\\routes\\SessionRoute.ts": {"path":"C:\\Users\\Admin\\Documents\\GitHub\\seng350f19-project-3-4\\GradeAchiever\\src\\routes\\SessionRoute.ts","statementMap":{"0":{"start":{"line":3,"column":0},"end":{"line":3,"column":69}},"1":{"start":{"line":4,"column":0},"end":{"line":4,"column":67}},"2":{"start":{"line":5,"column":0},"end":{"line":5,"column":36}},"3":{"start":{"line":7,"column":0},"end":{"line":7,"column":null}},"4":{"start":{"line":7,"column":34},"end":{"line":7,"column":43}},"5":{"start":{"line":8,"column":18},"end":{"line":14,"column":null}},"6":{"start":{"line":9,"column":8},"end":{"line":9,"column":76}},"7":{"start":{"line":10,"column":8},"end":{"line":12,"column":11}},"8":{"start":{"line":11,"column":12},"end":{"line":11,"column":92}},"9":{"start":{"line":15,"column":17},"end":{"line":37,"column":null}},"10":{"start":{"line":16,"column":14},"end":{"line":16,"column":48}},"11":{"start":{"line":18,"column":13},"end":{"line":18,"column":59}},"12":{"start":{"line":18,"column":8},"end":{"line":21,"column":null}},"13":{"start":{"line":19,"column":12},"end":{"line":19,"column":43}},"14":{"start":{"line":20,"column":12},"end":{"line":20,"column":19}},"15":{"start":{"line":23,"column":14},"end":{"line":23,"column":50}},"16":{"start":{"line":24,"column":8},"end":{"line":24,"column":28}},"17":{"start":{"line":25,"column":8},"end":{"line":36,"column":11}},"18":{"start":{"line":27,"column":36},"end":{"line":31,"column":14}},"19":{"start":{"line":32,"column":12},"end":{"line":32,"column":55}},"20":{"start":{"line":35,"column":11},"end":{"line":35,"column":42}},"21":{"start":{"line":39,"column":0},"end":{"line":39,"column":null}},"22":{"start":{"line":7,"column":13},"end":{"line":7,"column":25}}},"fnMap":{"0":{"name":"(anonymous_19)","decl":{"start":{"line":7,"column":0},"end":{"line":7,"column":13}},"loc":{"start":{"line":7,"column":0},"end":{"line":39,"column":null}}},"1":{"name":"(anonymous_21)","decl":{"start":{"line":8,"column":4},"end":{"line":8,"column":18}},"loc":{"start":{"line":8,"column":39},"end":{"line":14,"column":5}}},"2":{"name":"(anonymous_22)","decl":{"start":{"line":10,"column":33},"end":{"line":10,"column":34}},"loc":{"start":{"line":10,"column":81},"end":{"line":12,"column":9}}},"3":{"name":"(anonymous_23)","decl":{"start":{"line":15,"column":4},"end":{"line":15,"column":17}},"loc":{"start":{"line":15,"column":84},"end":{"line":37,"column":null}}},"4":{"name":"(anonymous_26)","decl":{"start":{"line":26,"column":14},"end":{"line":26,"column":15}},"loc":{"start":{"line":26,"column":22},"end":{"line":33,"column":9}}},"5":{"name":"(anonymous_27)","decl":{"start":{"line":34,"column":15},"end":{"line":34,"column":16}},"loc":{"start":{"line":34,"column":21},"end":{"line":36,"column":9}}}},"branchMap":{"0":{"loc":{"start":{"line":18,"column":8},"end":{"line":21,"column":null}},"type":"if","locations":[{"start":{"line":18,"column":8},"end":{"line":21,"column":null}},{"start":{"line":18,"column":8},"end":{"line":21,"column":null}}]}},"s":{"0":1,"1":1,"2":1,"3":1,"4":1,"5":1,"6":0,"7":0,"8":0,"9":1,"10":0,"11":0,"12":0,"13":0,"14":0,"15":0,"16":0,"17":0,"18":0,"19":0,"20":0,"21":1,"22":1},"f":{"0":2,"1":0,"2":0,"3":0,"4":0,"5":0},"b":{"0":[0,0]}}
,"C:\\Users\\Admin\\Documents\\GitHub\\seng350f19-project-3-4\\GradeAchiever\\src\\routes\\index.ts": {"path":"C:\\Users\\Admin\\Documents\\GitHub\\seng350f19-project-3-4\\GradeAchiever\\src\\routes\\index.ts","statementMap":{"0":{"start":{"line":3,"column":0},"end":{"line":3,"column":36}},"1":{"start":{"line":5,"column":0},"end":{"line":5,"column":67}},"2":{"start":{"line":12,"column":0},"end":{"line":12,"column":null}},"3":{"start":{"line":12,"column":32},"end":{"line":12,"column":41}},"4":{"start":{"line":44,"column":8},"end":{"line":44,"column":null}},"5":{"start":{"line":21,"column":18},"end":{"line":35,"column":null}},"6":{"start":{"line":23,"column":8},"end":{"line":23,"column":66}},"7":{"start":{"line":24,"column":21},"end":{"line":24,"column":36}},"8":{"start":{"line":26,"column":8},"end":{"line":28,"column":11}},"9":{"start":{"line":27,"column":12},"end":{"line":27,"column":51}},"10":{"start":{"line":30,"column":8},"end":{"line":33,"column":11}},"11":{"start":{"line":31,"column":12},"end":{"line":31,"column":41}},"12":{"start":{"line":32,"column":12},"end":{"line":32,"column":89}},"13":{"start":{"line":56,"column":11},"end":{"line":83,"column":null}},"14":{"start":{"line":56,"column":4},"end":{"line":56,"column":11}},"15":{"start":{"line":60,"column":24},"end":{"line":60,"column":47}},"16":{"start":{"line":63,"column":8},"end":{"line":63,"column":38}},"17":{"start":{"line":65,"column":8},"end":{"line":82,"column":11}},"18":{"start":{"line":67,"column":12},"end":{"line":67,"column":30}},"19":{"start":{"line":69,"column":36},"end":{"line":71,"column":14}},"20":{"start":{"line":72,"column":12},"end":{"line":72,"column":27}},"21":{"start":{"line":75,"column":12},"end":{"line":75,"column":37}},"22":{"start":{"line":81,"column":12},"end":{"line":81,"column":52}},"23":{"start":{"line":84,"column":0},"end":{"line":84,"column":null}},"24":{"start":{"line":12,"column":13},"end":{"line":12,"column":23}}},"fnMap":{"0":{"name":"(anonymous_6)","decl":{"start":{"line":12,"column":0},"end":{"line":12,"column":13}},"loc":{"start":{"line":12,"column":0},"end":{"line":84,"column":null}}},"1":{"name":"IndexRoute","decl":{"start":{"line":43,"column":4},"end":{"line":43,"column":null}},"loc":{"start":{"line":43,"column":4},"end":{"line":45,"column":5}}},"2":{"name":"(anonymous_8)","decl":{"start":{"line":21,"column":4},"end":{"line":21,"column":18}},"loc":{"start":{"line":21,"column":39},"end":{"line":35,"column":5}}},"3":{"name":"(anonymous_9)","decl":{"start":{"line":26,"column":24},"end":{"line":26,"column":25}},"loc":{"start":{"line":26,"column":72},"end":{"line":28,"column":9}}},"4":{"name":"(anonymous_10)","decl":{"start":{"line":30,"column":45},"end":{"line":30,"column":46}},"loc":{"start":{"line":30,"column":93},"end":{"line":33,"column":9}}},"5":{"name":"(anonymous_11)","decl":{"start":{"line":56,"column":4},"end":{"line":56,"column":11}},"loc":{"start":{"line":56,"column":64},"end":{"line":83,"column":5}}},"6":{"name":"(anonymous_12)","decl":{"start":{"line":66,"column":14},"end":{"line":66,"column":15}},"loc":{"start":{"line":66,"column":19},"end":{"line":73,"column":9}}},"7":{"name":"(anonymous_13)","decl":{"start":{"line":74,"column":15},"end":{"line":74,"column":16}},"loc":{"start":{"line":74,"column":19},"end":{"line":76,"column":9}}},"8":{"name":"(anonymous_14)","decl":{"start":{"line":77,"column":14},"end":{"line":77,"column":15}},"loc":{"start":{"line":77,"column":27},"end":{"line":82,"column":9}}}},"branchMap":{"0":{"loc":{"start":{"line":44,"column":8},"end":{"line":44,"column":15}},"type":"binary-expr","locations":[{"start":{"line":44,"column":8},"end":{"line":44,"column":15}},{"start":{"line":44,"column":15},"end":{"line":44,"column":null}}]}},"s":{"0":1,"1":1,"2":1,"3":1,"4":1,"5":1,"6":0,"7":0,"8":0,"9":0,"10":0,"11":0,"12":0,"13":1,"14":0,"15":0,"16":0,"17":0,"18":0,"19":0,"20":0,"21":0,"22":0,"23":1,"24":1},"f":{"0":1,"1":1,"2":0,"3":0,"4":0,"5":0,"6":0,"7":0,"8":0},"b":{"0":[1,1]}}
,"C:\\Users\\Admin\\Documents\\GitHub\\seng350f19-project-3-4\\GradeAchiever\\src\\routes\\route.ts": {"path":"C:\\Users\\Admin\\Documents\\GitHub\\seng350f19-project-3-4\\GradeAchiever\\src\\routes\\route.ts","statementMap":{"0":{"start":{"line":9,"column":0},"end":{"line":9,"column":13}},"1":{"start":{"line":23,"column":8},"end":{"line":23,"column":49}},"2":{"start":{"line":24,"column":8},"end":{"line":24,"column":26}},"3":{"start":{"line":35,"column":11},"end":{"line":38,"column":null}},"4":{"start":{"line":36,"column":8},"end":{"line":36,"column":31}},"5":{"start":{"line":37,"column":8},"end":{"line":37,"column":20}},"6":{"start":{"line":40,"column":11},"end":{"line":43,"column":null}},"7":{"start":{"line":41,"column":25},"end":{"line":41,"column":37}},"8":{"start":{"line":42,"column":6},"end":{"line":42,"column":24}},"9":{"start":{"line":45,"column":11},"end":{"line":48,"column":null}},"10":{"start":{"line":46,"column":23},"end":{"line":46,"column":33}},"11":{"start":{"line":47,"column":6},"end":{"line":47,"column":22}},"12":{"start":{"line":61,"column":11},"end":{"line":73,"column":null}},"13":{"start":{"line":63,"column":8},"end":{"line":63,"column":34}},"14":{"start":{"line":66,"column":8},"end":{"line":66,"column":42}},"15":{"start":{"line":69,"column":8},"end":{"line":69,"column":38}},"16":{"start":{"line":72,"column":8},"end":{"line":72,"column":34}},"17":{"start":{"line":74,"column":0},"end":{"line":74,"column":null}},"18":{"start":{"line":9,"column":13},"end":{"line":9,"column":22}}},"fnMap":{"0":{"name":"(anonymous_0)","decl":{"start":{"line":9,"column":0},"end":{"line":9,"column":13}},"loc":{"start":{"line":9,"column":0},"end":{"line":74,"column":null}}},"1":{"name":"BaseRoute","decl":{"start":{"line":21,"column":4},"end":{"line":21,"column":null}},"loc":{"start":{"line":21,"column":4},"end":{"line":25,"column":5}}},"2":{"name":"(anonymous_2)","decl":{"start":{"line":35,"column":4},"end":{"line":35,"column":11}},"loc":{"start":{"line":35,"column":32},"end":{"line":38,"column":5}}},"3":{"name":"(anonymous_3)","decl":{"start":{"line":40,"column":4},"end":{"line":40,"column":11}},"loc":{"start":{"line":40,"column":4},"end":{"line":43,"column":5}}},"4":{"name":"(anonymous_4)","decl":{"start":{"line":45,"column":4},"end":{"line":45,"column":11}},"loc":{"start":{"line":45,"column":4},"end":{"line":48,"column":5}}},"5":{"name":"(anonymous_5)","decl":{"start":{"line":61,"column":4},"end":{"line":61,"column":11}},"loc":{"start":{"line":61,"column":77},"end":{"line":73,"column":5}}}},"branchMap":{},"s":{"0":4,"1":6,"2":6,"3":4,"4":1,"5":1,"6":4,"7":1,"8":1,"9":4,"10":1,"11":1,"12":4,"13":0,"14":0,"15":0,"16":0,"17":4,"18":4},"f":{"0":4,"1":6,"2":1,"3":1,"4":1,"5":0},"b":{}}
}
